Command: FastTree -quiet -nopr -log /home/mukarram/Downloads/galaxy-galaxy-dist-a477486bf18e/database/files/000/dataset_215.dat.log /home/mukarram/Downloads/galaxy-galaxy-dist-a477486bf18e/database/files/000/dataset_193.dat
FastTree Version 2.1.7 No SSE3
Alignment: /home/mukarram/Downloads/galaxy-galaxy-dist-a477486bf18e/database/files/000/dataset_193.dat
Amino acid distances: BLOSUM45 Joins: balanced Support: SH-like 1000
Search: Normal +NNI +SPR (2 rounds range 10) +ML-NNI opt-each=1
TopHits: 1.00*sqrtN close=default refresh=0.80
ML Model: Jones-Taylor-Thorton, CAT approximation with 20 rate categories
Read 8 sequences, 1354 positions
NJ	((A:0.01093,B:0.01315):0.02776,(E:0.00822,F:0.01027):0.02457,((G:0.10822,H:0.08842):0.05556,(C:0.10601,D:0.10333):0.05119):0.01978);
ME_NNI1	((A:0.01093,B:0.01315):0.02776,(E:0.00822,F:0.01027):0.02457,((G:0.10822,H:0.08842):0.05556,(C:0.10601,D:0.10333):0.05119):0.01978);
Min_evolution NNIs converged at round 1 -- skipping some rounds
ME_SPR1	((A:0.01093,B:0.01315):0.02776,(E:0.00822,F:0.01027):0.02457,((G:0.10822,H:0.08842):0.05556,(C:0.10601,D:0.10333):0.05119):0.01978);
ME_NNI5	((A:0.01093,B:0.01315):0.02776,(E:0.00822,F:0.01027):0.02457,((G:0.10822,H:0.08842):0.05556,(C:0.10601,D:0.10333):0.05119):0.01978);
Min_evolution NNIs converged at round 5 -- skipping some rounds
ME_SPR2	((A:0.01093,B:0.01315):0.02776,(E:0.00822,F:0.01027):0.02457,((G:0.10822,H:0.08842):0.05556,(C:0.10601,D:0.10333):0.05119):0.01978);
ME_NNI9	((A:0.01093,B:0.01315):0.02776,(E:0.00822,F:0.01027):0.02457,((G:0.10822,H:0.08842):0.05556,(C:0.10601,D:0.10333):0.05119):0.01978);
Min_evolution NNIs converged at round 9 -- skipping some rounds
ME_Lengths	((A:0.01416,B:0.01754):0.03879,(E:0.01050,F:0.01376):0.03264,((G:0.15761,H:0.12703):0.09784,(C:0.15476,D:0.15059):0.08915):0.01827);
Total branch-length 0.923 after 0.22 sec
ML_Lengths1	((A:0.01336,B:0.01514):0.03338,(E:0.00945,F:0.01405):0.03202,((G:0.15866,H:0.11598):0.11657,(C:0.15789,D:0.14961):0.10197):0.02229);
ML_NNI1	((G:0.15824,H:0.11677):0.12144,(E:0.00955,F:0.01395):0.01557,((A:0.01336,B:0.01510):0.02102,(C:0.15789,D:0.14961):0.11377):0.02712);
TreeLogLk	ML_NNI1	-9794.2953	MaxChange	48.1081
NCategories	20
Rates 0.065947 0.090395 0.123906 0.169842 0.232806 0.319114 0.437417 0.599579 0.821859 1.126542 1.544181 2.116648 2.901344 3.976946 5.451302 7.472238 10.242389 14.039504 19.244308 26.378666
SiteCategories 9 9 9 9 11 8 8 8 8 8 9 8 8 10 10 9 8 11 8 8 9 9 10 9 12 10 11 10 9 10 10 9 11 10 8 9 8 9 9 9 9 10 10 10 9 10 10 11 9 8 10 8 8 9 9 9 10 9 9 9 9 11 9 9 12 9 10 11 9 9 10 9 9 11 9 9 10 10 10 10 10 10 10 8 11 10 10 8 8 10 10 8 9 9 10 9 8 9 10 10 10 10 10 8 11 9 10 9 10 10 10 8 9 11 9 10 10 10 11 12 9 10 9 10 9 9 10 10 8 8 8 10 9 10 9 10 8 11 11 10 11 10 9 9 10 11 11 9 8 8 9 8 8 9 9 8 11 9 9 8 9 9 10 10 10 11 10 10 10 8 10 10 10 10 11 10 11 10 10 10 9 11 10 9 8 8 9 9 9 9 10 8 10 9 9 9 8 9 8 9 10 12 10 10 9 12 10 12 8 9 9 10 8 9 9 10 8 9 9 11 10 8 8 10 9 11 10 8 8 9 9 9 10 10 8 11 11 9 11 10 11 9 11 10 8 11 8 10 8 11 10 10 10 9 10 10 8 10 9 9 11 8 11 10 9 8 12 8 9 8 10 10 10 10 11 10 9 9 9 9 8 10 11 10 11 9 11 11 11 8 8 9 9 10 11 8 10 9 9 9 9 10 9 10 8 8 9 9 10 9 9 10 9 10 9 10 10 11 9 10 9 9 9 9 9 9 9 9 9 11 11 10 10 11 10 10 11 9 9 9 10 10 11 9 8 8 8 9 10 10 11 10 10 10 12 10 9 11 9 10 12 11 11 10 11 9 10 8 11 8 10 10 8 11 8 11 9 11 10 10 8 10 10 11 8 10 10 10 9 9 10 9 10 10 11 10 10 10 8 8 8 8 9 12 12 11 9 10 10 9 9 9 9 9 9 9 9 11 10 9 10 10 10 11 9 9 8 9 10 10 8 9 9 9 10 8 8 9 12 10 9 9 10 9 12 9 10 11 10 10 9 8 10 11 10 10 10 10 10 8 11 11 11 10 10 10 9 8 9 10 12 10 9 11 11 10 9 9 9 9 9 9 8 8 10 11 9 9 10 8 8 8 8 9 11 9 8 9 10 9 9 8 11 8 8 10 10 9 9 9 9 9 9 10 9 9 9 8 8 11 11 9 9 10 10 11 8 9 10 11 9 10 9 11 10 10 9 9 10 10 10 8 11 10 10 10 9 10 9 8 11 9 9 10 9 9 11 10 10 9 9 10 8 9 10 10 10 10 11 8 10 10 11 10 8 9 10 11 10 10 9 9 9 8 10 8 11 10 10 10 10 9 9 9 9 9 9 9 9 9 10 9 11 9 10 8 11 10 12 8 8 10 10 9 9 8 10 10 8 11 9 8 10 9 10 8 8 9 9 10 10 8 11 10 12 8 9 10 10 10 8 11 10 10 10 8 9 9 8 10 9 9 9 9 9 9 9 9 9 9 10 10 9 10 11 11 10 8 11 8 9 8 9 11 8 10 11 10 9 12 8 9 8 8 10 8 10 8 9 11 12 10 11 9 9 9 9 9 9 9 9 9 9 9 9 10 11 9 11 12 10 8 10 8 9 10 10 8 9 9 8 8 10 10 9 11 10 10 9 9 9 9 9 9 9 9 9 9 8 10 10 8 9 9 9 9 8 9 9 10 10 12 10 9 10 10 10 9 10 10 11 10 10 10 9 11 10 9 8 11 10 10 10 9 9 8 10 8 9 9 9 9 8 10 11 9 8 11 9 9 8 8 11 11 8 11 10 10 9 10 10 8 9 10 9 8 10 8 8 10 11 10 10 9 9 10 11 10 10 9 9 10 11 10 10 10 9 10 10 10 10 10 10 10 8 11 11 10 9 12 9 9 8 11 11 11 9 9 11 9 10 11 10 9 8 9 9 11 10 8 8 10 8 11 10 8 10 9 8 8 10 8 10 8 9 11 9 8 8 8 9 9 10 8 9 10 10 9 11 8 10 9 8 9 8 9 8 9 11 9 9 9 11 12 9 11 9 11 9 10 9 9 9 9 10 9 10 10 10 10 11 10 8 12 9 8 8 9 9 9 9 9 9 9 9 9 9 9 9 10 9 9 8 8 9 8 11 10 10 9 11 9 10 9 10 9 8 10 10 10 8 8 8 11 10 8 9 10 12 10 8 10 9 8 9 9 9 9 9 10 10 8 10 10 9 9 11 10 10 9 8 8 10 9 10 8 10 8 9 9 8 11 10 9 9 9 11 10 10 10 10 10 9 11 10 9 9 11 9 9 10 8 9 8 10 11 9 10 10 10 8 9 8 8 10 10 11 11 10 8 10 10 9 10 8 9 10 9 8 9 10 9 9 9 9 9 9 9 9 11 9 9 9 10 10 9 8 10 9 9 10 8 9 9 10 12 9 9 9 9 10 10 10 8 8 8 9 8 9 10 10 10 12 8 9 8 11 9 9 9 9 9 9 9 9 9 9 11 9 10 10 10 10 9 12 9 11 11 9 10 8 10 8 11 9 8 9 10 10 9 9 11 10 9 10 10 10 9 11 10 10 8 11 9 9 10 8 12 8 9 10 10 9 9 9 11 9 8 8 10 10 9 9 12 9 12 8 11 10 9 9 10 8 10 9 9 8 8 8 10 10 9 10 11 9 10 11 9 10 8 9 11 10 10 11 10 9 9 10 10 10 11 8 10 11 10 8 8 9 12 9 10 10 9 9 9 9 9 9 11 12 11 11 10 9 9 11 9 10 11 9 9 10 8 9 8 9 10 10 8 10 11 10 8 9 8 10 8 12 8 8 10 11 9 9 9 8 8 11 8 8 10 9 9 10 10 9 8 10 8 11 9 9 9 9 9 10 10 8 9 9 11 12 8 9 10 9 9 9 8 8 11 9 11 10 8 9 9 9 11 9 10 8 8 9 9 8 9 9 8 10 8 10 10 9 9 9 11 10 9 8 9 9 9 8 8 8 10 8 9 10 10 10 9 10 12 9 9 9 10 8 11 8 9 9 9 10 10 10 10 11 10 8 11
ML_NNI2	((G:0.16655,H:0.12293):0.12777,(E:0.00948,F:0.01429):0.01545,((A:0.01329,B:0.01538):0.02133,(C:0.16464,D:0.15649):0.11903):0.03044);
TreeLogLk	ML_NNI2	-9472.0010	MaxChange	0.0000
Turning off heuristics for final round of ML NNIs (converged)
ML_NNI3	((G:0.16611,H:0.12293):0.12765,(E:0.00948,F:0.01427):0.01550,((A:0.01330,B:0.01538):0.02131,(C:0.16464,D:0.15665):0.11903):0.03051);
TreeLogLk	ML_NNI3	-9472.0010	MaxChange	0.0000
ML_Lengths2	((G:0.16612,H:0.12293):0.12765,(E:0.00947,F:0.01427):0.01545,((A:0.01330,B:0.01538):0.02128,(C:0.16447,D:0.15665):0.11917):0.03051);
TreeLogLk	ML_Lengths2	-9472.0008
Total time: 5.98 seconds Unique: 8/8 Bad splits: 0/5
Dist/N**2: by-profile 16.359 (out 0.516) by-leaf 1.688 avg-prof 7.516
 Hill-climb: 0 Update-best: 3
NNI: 0 SPR: 0 ML-NNI: 1
Max-lk operations: lk 4309 posterior 640 approximate-posteriors 0.00% star-only 0
TreeCompleted
